[Sandcastle Help File Builder GUI, version 1.6.0.4]
Build started at 15.9.2008 16:01:54

Finding tools...
Found Sandcastle in 'C:\Program Files\Sandcastle\'
Found HTML 1.x help compiler in 'C:\Program Files\HTML Help Workshop\'
Validating documentation assembly information...
-------------------------------
Generating shared content files (en-US, English (United States))...
    Last step completed in 00:00:00.8906
-------------------------------
Copying documentation assembly dependencies...
No dependencies to copy
    Last step completed in 00:00:00.0000
-------------------------------
Generating API filter for MRefBuilder...
    Last step completed in 00:00:00.0156
-------------------------------
Generating reflection information...
[C:\Documents and Settings\psaastam\My Documents\Scallop\release\Documentation\Help\Working\GenerateRefInfo.bat]
MrefBuilder (v2.4.10111.0)
Copyright ¸ Microsoft 2006
Info: Loaded 1 assemblies for reflection and 0 dependency assemblies.
Info: Wrote information on 4 namespaces, 22 types, and 72 members
    Last step completed in 00:00:02.7656
-------------------------------
Removing duplicate topics from reflection information file
    0 duplicate topics removed
    Last step completed in 00:00:00.0000
-------------------------------
Generating namespace summary information...
    Last step completed in 00:00:00.0156
-------------------------------
Applying visibility properties to reflection information file
    7 attribute nodes removed
    0 explicit interface implementations removed
    0 local and base class EII elements removed
    Last step completed in 00:00:00.0156
-------------------------------
Transforming reflection output...
[C:\Documents and Settings\psaastam\My Documents\Scallop\release\Documentation\Help\Working\TransformManifest.bat]
XslTransform (v2.4.10111.0)
Copyright ¸ Microsoft 2005-2006
Info: Applying XSL transformation 'C:\Program Files\Sandcastle\ProductionTransforms\ApplyVSDocModel.xsl'.
Info: Applying XSL transformation 'C:\Program Files\Sandcastle\ProductionTransforms\AddGuidFilenames.xsl'.
XslTransform (v2.4.10111.0)
Copyright ¸ Microsoft 2005-2006
Info: Applying XSL transformation 'C:\Program Files\Sandcastle\ProductionTransforms\ReflectionToManifest.xsl'.
    Last step completed in 00:00:01.9844
-------------------------------
Modifying help topic filenames in reflection information file
No changes required
    Last step completed in 00:00:00.0000
-------------------------------
Copying standard help content...
C:\Program Files\Sandcastle\Presentation\vs2005\icons\adm.gif -> C:\Documents and Settings\psaastam\My Documents\Scallop\release\Documentation\Help\Working\Output\icons\adm.gif
C:\Program Files\Sandcastle\Presentation\vs2005\icons\adm_arch.gif -> C:\Documents and Settings\psaastam\My Documents\Scallop\release\Documentation\Help\Working\Output\icons\adm_arch.gif
C:\Program Files\Sandcastle\Presentation\vs2005\icons\adm_dev.gif -> C:\Documents and Settings\psaastam\My Documents\Scallop\release\Documentation\Help\Working\Output\icons\adm_dev.gif
C:\Program Files\Sandcastle\Presentation\vs2005\icons\adm_dev_arch.gif -> C:\Documents and Settings\psaastam\My Documents\Scallop\release\Documentation\Help\Working\Output\icons\adm_dev_arch.gif
C:\Program Files\Sandcastle\Presentation\vs2005\icons\alert_caution.gif -> C:\Documents and Settings\psaastam\My Documents\Scallop\release\Documentation\Help\Working\Output\icons\alert_caution.gif
C:\Program Files\Sandcastle\Presentation\vs2005\icons\alert_note.gif -> C:\Documents and Settings\psaastam\My Documents\Scallop\release\Documentation\Help\Working\Output\icons\alert_note.gif
C:\Program Files\Sandcastle\Presentation\vs2005\icons\alert_security.gif -> C:\Documents and Settings\psaastam\My Documents\Scallop\release\Documentation\Help\Working\Output\icons\alert_security.gif
C:\Program Files\Sandcastle\Presentation\vs2005\icons\arch.gif -> C:\Documents and Settings\psaastam\My Documents\Scallop\release\Documentation\Help\Working\Output\icons\arch.gif
C:\Program Files\Sandcastle\Presentation\vs2005\icons\big_adm.gif -> C:\Documents and Settings\psaastam\My Documents\Scallop\release\Documentation\Help\Working\Output\icons\big_adm.gif
C:\Program Files\Sandcastle\Presentation\vs2005\icons\big_arch.gif -> C:\Documents and Settings\psaastam\My Documents\Scallop\release\Documentation\Help\Working\Output\icons\big_arch.gif
C:\Program Files\Sandcastle\Presentation\vs2005\icons\big_dev.gif -> C:\Documents and Settings\psaastam\My Documents\Scallop\release\Documentation\Help\Working\Output\icons\big_dev.gif
C:\Program Files\Sandcastle\Presentation\vs2005\icons\big_kw.gif -> C:\Documents and Settings\psaastam\My Documents\Scallop\release\Documentation\Help\Working\Output\icons\big_kw.gif
C:\Program Files\Sandcastle\Presentation\vs2005\icons\box.gif -> C:\Documents and Settings\psaastam\My Documents\Scallop\release\Documentation\Help\Working\Output\icons\box.gif
C:\Program Files\Sandcastle\Presentation\vs2005\icons\Caution.gif -> C:\Documents and Settings\psaastam\My Documents\Scallop\release\Documentation\Help\Working\Output\icons\Caution.gif
C:\Program Files\Sandcastle\Presentation\vs2005\icons\CFW.gif -> C:\Documents and Settings\psaastam\My Documents\Scallop\release\Documentation\Help\Working\Output\icons\CFW.gif
C:\Program Files\Sandcastle\Presentation\vs2005\icons\collall.gif -> C:\Documents and Settings\psaastam\My Documents\Scallop\release\Documentation\Help\Working\Output\icons\collall.gif
C:\Program Files\Sandcastle\Presentation\vs2005\icons\collapse.gif -> C:\Documents and Settings\psaastam\My Documents\Scallop\release\Documentation\Help\Working\Output\icons\collapse.gif
C:\Program Files\Sandcastle\Presentation\vs2005\icons\collapse_all.gif -> C:\Documents and Settings\psaastam\My Documents\Scallop\release\Documentation\Help\Working\Output\icons\collapse_all.gif
C:\Program Files\Sandcastle\Presentation\vs2005\icons\copycode.gif -> C:\Documents and Settings\psaastam\My Documents\Scallop\release\Documentation\Help\Working\Output\icons\copycode.gif
C:\Program Files\Sandcastle\Presentation\vs2005\icons\copycodeHighlight.gif -> C:\Documents and Settings\psaastam\My Documents\Scallop\release\Documentation\Help\Working\Output\icons\copycodeHighlight.gif
C:\Program Files\Sandcastle\Presentation\vs2005\icons\dev.gif -> C:\Documents and Settings\psaastam\My Documents\Scallop\release\Documentation\Help\Working\Output\icons\dev.gif
C:\Program Files\Sandcastle\Presentation\vs2005\icons\dev_arch.gif -> C:\Documents and Settings\psaastam\My Documents\Scallop\release\Documentation\Help\Working\Output\icons\dev_arch.gif
C:\Program Files\Sandcastle\Presentation\vs2005\icons\dropdown.gif -> C:\Documents and Settings\psaastam\My Documents\Scallop\release\Documentation\Help\Working\Output\icons\dropdown.gif
C:\Program Files\Sandcastle\Presentation\vs2005\icons\dropdownHover.gif -> C:\Documents and Settings\psaastam\My Documents\Scallop\release\Documentation\Help\Working\Output\icons\dropdownHover.gif
C:\Program Files\Sandcastle\Presentation\vs2005\icons\drpdown.gif -> C:\Documents and Settings\psaastam\My Documents\Scallop\release\Documentation\Help\Working\Output\icons\drpdown.gif
C:\Program Files\Sandcastle\Presentation\vs2005\icons\drpdown_orange.gif -> C:\Documents and Settings\psaastam\My Documents\Scallop\release\Documentation\Help\Working\Output\icons\drpdown_orange.gif
C:\Program Files\Sandcastle\Presentation\vs2005\icons\drpdown_orange_up.gif -> C:\Documents and Settings\psaastam\My Documents\Scallop\release\Documentation\Help\Working\Output\icons\drpdown_orange_up.gif
C:\Program Files\Sandcastle\Presentation\vs2005\icons\drpup.gif -> C:\Documents and Settings\psaastam\My Documents\Scallop\release\Documentation\Help\Working\Output\icons\drpup.gif
C:\Program Files\Sandcastle\Presentation\vs2005\icons\exp.gif -> C:\Documents and Settings\psaastam\My Documents\Scallop\release\Documentation\Help\Working\Output\icons\exp.gif
C:\Program Files\Sandcastle\Presentation\vs2005\icons\expall.gif -> C:\Documents and Settings\psaastam\My Documents\Scallop\release\Documentation\Help\Working\Output\icons\expall.gif
C:\Program Files\Sandcastle\Presentation\vs2005\icons\expand_all.gif -> C:\Documents and Settings\psaastam\My Documents\Scallop\release\Documentation\Help\Working\Output\icons\expand_all.gif
C:\Program Files\Sandcastle\Presentation\vs2005\icons\filter1a.gif -> C:\Documents and Settings\psaastam\My Documents\Scallop\release\Documentation\Help\Working\Output\icons\filter1a.gif
C:\Program Files\Sandcastle\Presentation\vs2005\icons\filter1c.gif -> C:\Documents and Settings\psaastam\My Documents\Scallop\release\Documentation\Help\Working\Output\icons\filter1c.gif
C:\Program Files\Sandcastle\Presentation\vs2005\icons\footer.gif -> C:\Documents and Settings\psaastam\My Documents\Scallop\release\Documentation\Help\Working\Output\icons\footer.gif
C:\Program Files\Sandcastle\Presentation\vs2005\icons\gradient.gif -> C:\Documents and Settings\psaastam\My Documents\Scallop\release\Documentation\Help\Working\Output\icons\gradient.gif
C:\Program Files\Sandcastle\Presentation\vs2005\icons\greencheck.gif -> C:\Documents and Settings\psaastam\My Documents\Scallop\release\Documentation\Help\Working\Output\icons\greencheck.gif
C:\Program Files\Sandcastle\Presentation\vs2005\icons\greychck.gif -> C:\Documents and Settings\psaastam\My Documents\Scallop\release\Documentation\Help\Working\Output\icons\greychck.gif
C:\Program Files\Sandcastle\Presentation\vs2005\icons\header_prev_next.jpg -> C:\Documents and Settings\psaastam\My Documents\Scallop\release\Documentation\Help\Working\Output\icons\header_prev_next.jpg
C:\Program Files\Sandcastle\Presentation\vs2005\icons\header_sql_tutorial_blank.jpg -> C:\Documents and Settings\psaastam\My Documents\Scallop\release\Documentation\Help\Working\Output\icons\header_sql_tutorial_blank.jpg
C:\Program Files\Sandcastle\Presentation\vs2005\icons\header_sql_tutorial_logo.GIF -> C:\Documents and Settings\psaastam\My Documents\Scallop\release\Documentation\Help\Working\Output\icons\header_sql_tutorial_logo.GIF
C:\Program Files\Sandcastle\Presentation\vs2005\icons\kw.gif -> C:\Documents and Settings\psaastam\My Documents\Scallop\release\Documentation\Help\Working\Output\icons\kw.gif
C:\Program Files\Sandcastle\Presentation\vs2005\icons\kw_adm.gif -> C:\Documents and Settings\psaastam\My Documents\Scallop\release\Documentation\Help\Working\Output\icons\kw_adm.gif
C:\Program Files\Sandcastle\Presentation\vs2005\icons\kw_adm_arch.gif -> C:\Documents and Settings\psaastam\My Documents\Scallop\release\Documentation\Help\Working\Output\icons\kw_adm_arch.gif
C:\Program Files\Sandcastle\Presentation\vs2005\icons\kw_adm_dev.gif -> C:\Documents and Settings\psaastam\My Documents\Scallop\release\Documentation\Help\Working\Output\icons\kw_adm_dev.gif
C:\Program Files\Sandcastle\Presentation\vs2005\icons\kw_adm_dev_arch.gif -> C:\Documents and Settings\psaastam\My Documents\Scallop\release\Documentation\Help\Working\Output\icons\kw_adm_dev_arch.gif
C:\Program Files\Sandcastle\Presentation\vs2005\icons\kw_arch.gif -> C:\Documents and Settings\psaastam\My Documents\Scallop\release\Documentation\Help\Working\Output\icons\kw_arch.gif
C:\Program Files\Sandcastle\Presentation\vs2005\icons\kw_dev.gif -> C:\Documents and Settings\psaastam\My Documents\Scallop\release\Documentation\Help\Working\Output\icons\kw_dev.gif
C:\Program Files\Sandcastle\Presentation\vs2005\icons\kw_dev_arch.gif -> C:\Documents and Settings\psaastam\My Documents\Scallop\release\Documentation\Help\Working\Output\icons\kw_dev_arch.gif
C:\Program Files\Sandcastle\Presentation\vs2005\icons\LastChild.gif -> C:\Documents and Settings\psaastam\My Documents\Scallop\release\Documentation\Help\Working\Output\icons\LastChild.gif
C:\Program Files\Sandcastle\Presentation\vs2005\icons\load.gif -> C:\Documents and Settings\psaastam\My Documents\Scallop\release\Documentation\Help\Working\Output\icons\load.gif
C:\Program Files\Sandcastle\Presentation\vs2005\icons\load_hover.gif -> C:\Documents and Settings\psaastam\My Documents\Scallop\release\Documentation\Help\Working\Output\icons\load_hover.gif
C:\Program Files\Sandcastle\Presentation\vs2005\icons\note.gif -> C:\Documents and Settings\psaastam\My Documents\Scallop\release\Documentation\Help\Working\Output\icons\note.gif
C:\Program Files\Sandcastle\Presentation\vs2005\icons\pencil.GIF -> C:\Documents and Settings\psaastam\My Documents\Scallop\release\Documentation\Help\Working\Output\icons\pencil.GIF
C:\Program Files\Sandcastle\Presentation\vs2005\icons\privclass.gif -> C:\Documents and Settings\psaastam\My Documents\Scallop\release\Documentation\Help\Working\Output\icons\privclass.gif
C:\Program Files\Sandcastle\Presentation\vs2005\icons\privdelegate.gif -> C:\Documents and Settings\psaastam\My Documents\Scallop\release\Documentation\Help\Working\Output\icons\privdelegate.gif
C:\Program Files\Sandcastle\Presentation\vs2005\icons\privenum.gif -> C:\Documents and Settings\psaastam\My Documents\Scallop\release\Documentation\Help\Working\Output\icons\privenum.gif
C:\Program Files\Sandcastle\Presentation\vs2005\icons\privenumeration.gif -> C:\Documents and Settings\psaastam\My Documents\Scallop\release\Documentation\Help\Working\Output\icons\privenumeration.gif
C:\Program Files\Sandcastle\Presentation\vs2005\icons\privevent.gif -> C:\Documents and Settings\psaastam\My Documents\Scallop\release\Documentation\Help\Working\Output\icons\privevent.gif
C:\Program Files\Sandcastle\Presentation\vs2005\icons\privextension.gif -> C:\Documents and Settings\psaastam\My Documents\Scallop\release\Documentation\Help\Working\Output\icons\privextension.gif
C:\Program Files\Sandcastle\Presentation\vs2005\icons\privfield.gif -> C:\Documents and Settings\psaastam\My Documents\Scallop\release\Documentation\Help\Working\Output\icons\privfield.gif
C:\Program Files\Sandcastle\Presentation\vs2005\icons\privinterface.gif -> C:\Documents and Settings\psaastam\My Documents\Scallop\release\Documentation\Help\Working\Output\icons\privinterface.gif
C:\Program Files\Sandcastle\Presentation\vs2005\icons\privmethod.gif -> C:\Documents and Settings\psaastam\My Documents\Scallop\release\Documentation\Help\Working\Output\icons\privmethod.gif
C:\Program Files\Sandcastle\Presentation\vs2005\icons\privproperty.gif -> C:\Documents and Settings\psaastam\My Documents\Scallop\release\Documentation\Help\Working\Output\icons\privproperty.gif
C:\Program Files\Sandcastle\Presentation\vs2005\icons\privstructure.gif -> C:\Documents and Settings\psaastam\My Documents\Scallop\release\Documentation\Help\Working\Output\icons\privstructure.gif
C:\Program Files\Sandcastle\Presentation\vs2005\icons\protclass.gif -> C:\Documents and Settings\psaastam\My Documents\Scallop\release\Documentation\Help\Working\Output\icons\protclass.gif
C:\Program Files\Sandcastle\Presentation\vs2005\icons\protdelegate.gif -> C:\Documents and Settings\psaastam\My Documents\Scallop\release\Documentation\Help\Working\Output\icons\protdelegate.gif
C:\Program Files\Sandcastle\Presentation\vs2005\icons\protenum.gif -> C:\Documents and Settings\psaastam\My Documents\Scallop\release\Documentation\Help\Working\Output\icons\protenum.gif
C:\Program Files\Sandcastle\Presentation\vs2005\icons\protenumeration.gif -> C:\Documents and Settings\psaastam\My Documents\Scallop\release\Documentation\Help\Working\Output\icons\protenumeration.gif
C:\Program Files\Sandcastle\Presentation\vs2005\icons\protevent.gif -> C:\Documents and Settings\psaastam\My Documents\Scallop\release\Documentation\Help\Working\Output\icons\protevent.gif
C:\Program Files\Sandcastle\Presentation\vs2005\icons\protextension.gif -> C:\Documents and Settings\psaastam\My Documents\Scallop\release\Documentation\Help\Working\Output\icons\protextension.gif
C:\Program Files\Sandcastle\Presentation\vs2005\icons\protfield.gif -> C:\Documents and Settings\psaastam\My Documents\Scallop\release\Documentation\Help\Working\Output\icons\protfield.gif
C:\Program Files\Sandcastle\Presentation\vs2005\icons\protinterface.gif -> C:\Documents and Settings\psaastam\My Documents\Scallop\release\Documentation\Help\Working\Output\icons\protinterface.gif
C:\Program Files\Sandcastle\Presentation\vs2005\icons\protmethod.gif -> C:\Documents and Settings\psaastam\My Documents\Scallop\release\Documentation\Help\Working\Output\icons\protmethod.gif
C:\Program Files\Sandcastle\Presentation\vs2005\icons\protoperator.gif -> C:\Documents and Settings\psaastam\My Documents\Scallop\release\Documentation\Help\Working\Output\icons\protoperator.gif
C:\Program Files\Sandcastle\Presentation\vs2005\icons\protproperty.gif -> C:\Documents and Settings\psaastam\My Documents\Scallop\release\Documentation\Help\Working\Output\icons\protproperty.gif
C:\Program Files\Sandcastle\Presentation\vs2005\icons\protstructure.gif -> C:\Documents and Settings\psaastam\My Documents\Scallop\release\Documentation\Help\Working\Output\icons\protstructure.gif
C:\Program Files\Sandcastle\Presentation\vs2005\icons\pubclass.gif -> C:\Documents and Settings\psaastam\My Documents\Scallop\release\Documentation\Help\Working\Output\icons\pubclass.gif
C:\Program Files\Sandcastle\Presentation\vs2005\icons\pubdelegate.gif -> C:\Documents and Settings\psaastam\My Documents\Scallop\release\Documentation\Help\Working\Output\icons\pubdelegate.gif
C:\Program Files\Sandcastle\Presentation\vs2005\icons\pubenum.gif -> C:\Documents and Settings\psaastam\My Documents\Scallop\release\Documentation\Help\Working\Output\icons\pubenum.gif
C:\Program Files\Sandcastle\Presentation\vs2005\icons\pubenumeration.gif -> C:\Documents and Settings\psaastam\My Documents\Scallop\release\Documentation\Help\Working\Output\icons\pubenumeration.gif
C:\Program Files\Sandcastle\Presentation\vs2005\icons\pubevent.gif -> C:\Documents and Settings\psaastam\My Documents\Scallop\release\Documentation\Help\Working\Output\icons\pubevent.gif
C:\Program Files\Sandcastle\Presentation\vs2005\icons\pubextension.gif -> C:\Documents and Settings\psaastam\My Documents\Scallop\release\Documentation\Help\Working\Output\icons\pubextension.gif
C:\Program Files\Sandcastle\Presentation\vs2005\icons\pubfield.gif -> C:\Documents and Settings\psaastam\My Documents\Scallop\release\Documentation\Help\Working\Output\icons\pubfield.gif
C:\Program Files\Sandcastle\Presentation\vs2005\icons\pubinterface.gif -> C:\Documents and Settings\psaastam\My Documents\Scallop\release\Documentation\Help\Working\Output\icons\pubinterface.gif
C:\Program Files\Sandcastle\Presentation\vs2005\icons\pubmethod.gif -> C:\Documents and Settings\psaastam\My Documents\Scallop\release\Documentation\Help\Working\Output\icons\pubmethod.gif
C:\Program Files\Sandcastle\Presentation\vs2005\icons\puboperator.gif -> C:\Documents and Settings\psaastam\My Documents\Scallop\release\Documentation\Help\Working\Output\icons\puboperator.gif
C:\Program Files\Sandcastle\Presentation\vs2005\icons\pubproperty.gif -> C:\Documents and Settings\psaastam\My Documents\Scallop\release\Documentation\Help\Working\Output\icons\pubproperty.gif
C:\Program Files\Sandcastle\Presentation\vs2005\icons\pubstructure.gif -> C:\Documents and Settings\psaastam\My Documents\Scallop\release\Documentation\Help\Working\Output\icons\pubstructure.gif
C:\Program Files\Sandcastle\Presentation\vs2005\icons\requirements1a.gif -> C:\Documents and Settings\psaastam\My Documents\Scallop\release\Documentation\Help\Working\Output\icons\requirements1a.gif
C:\Program Files\Sandcastle\Presentation\vs2005\icons\requirements1c.gif -> C:\Documents and Settings\psaastam\My Documents\Scallop\release\Documentation\Help\Working\Output\icons\requirements1c.gif
C:\Program Files\Sandcastle\Presentation\vs2005\icons\save.gif -> C:\Documents and Settings\psaastam\My Documents\Scallop\release\Documentation\Help\Working\Output\icons\save.gif
C:\Program Files\Sandcastle\Presentation\vs2005\icons\save_hover.gif -> C:\Documents and Settings\psaastam\My Documents\Scallop\release\Documentation\Help\Working\Output\icons\save_hover.gif
C:\Program Files\Sandcastle\Presentation\vs2005\icons\security.gif -> C:\Documents and Settings\psaastam\My Documents\Scallop\release\Documentation\Help\Working\Output\icons\security.gif
C:\Program Files\Sandcastle\Presentation\vs2005\icons\seealso1a.gif -> C:\Documents and Settings\psaastam\My Documents\Scallop\release\Documentation\Help\Working\Output\icons\seealso1a.gif
C:\Program Files\Sandcastle\Presentation\vs2005\icons\seealso1c.gif -> C:\Documents and Settings\psaastam\My Documents\Scallop\release\Documentation\Help\Working\Output\icons\seealso1c.gif
C:\Program Files\Sandcastle\Presentation\vs2005\icons\static.gif -> C:\Documents and Settings\psaastam\My Documents\Scallop\release\Documentation\Help\Working\Output\icons\static.gif
C:\Program Files\Sandcastle\Presentation\vs2005\icons\xna.gif -> C:\Documents and Settings\psaastam\My Documents\Scallop\release\Documentation\Help\Working\Output\icons\xna.gif
C:\Program Files\Sandcastle\Presentation\vs2005\scripts\CheckboxMenu.js -> C:\Documents and Settings\psaastam\My Documents\Scallop\release\Documentation\Help\Working\Output\scripts\CheckboxMenu.js
C:\Program Files\Sandcastle\Presentation\vs2005\scripts\CommonUtilities.js -> C:\Documents and Settings\psaastam\My Documents\Scallop\release\Documentation\Help\Working\Output\scripts\CommonUtilities.js
C:\Program Files\Sandcastle\Presentation\vs2005\scripts\Dropdown.js -> C:\Documents and Settings\psaastam\My Documents\Scallop\release\Documentation\Help\Working\Output\scripts\Dropdown.js
C:\Program Files\Sandcastle\Presentation\vs2005\scripts\EventUtilities.js -> C:\Documents and Settings\psaastam\My Documents\Scallop\release\Documentation\Help\Working\Output\scripts\EventUtilities.js
C:\Program Files\Sandcastle\Presentation\vs2005\scripts\script_feedBack.js -> C:\Documents and Settings\psaastam\My Documents\Scallop\release\Documentation\Help\Working\Output\scripts\script_feedBack.js
C:\Program Files\Sandcastle\Presentation\vs2005\scripts\script_manifold.js -> C:\Documents and Settings\psaastam\My Documents\Scallop\release\Documentation\Help\Working\Output\scripts\script_manifold.js
C:\Program Files\Sandcastle\Presentation\vs2005\scripts\SplitScreen.js -> C:\Documents and Settings\psaastam\My Documents\Scallop\release\Documentation\Help\Working\Output\scripts\SplitScreen.js
C:\Program Files\Sandcastle\Presentation\vs2005\styles\Presentation.css -> C:\Documents and Settings\psaastam\My Documents\Scallop\release\Documentation\Help\Working\Output\styles\Presentation.css
C:\Program Files\Sandcastle\Presentation\vs2005\styles\Whidbey\presentation.css -> C:\Documents and Settings\psaastam\My Documents\Scallop\release\Documentation\Help\Working\Output\styles\Whidbey\presentation.css
    Last step completed in 00:00:00.9531

Copying additional content files...
No additional content to copy
    Last step completed in 00:00:00.0313
-------------------------------
Creating Sandcastle configuration file...
    Last step completed in 00:00:00.0156
-------------------------------
Merging custom build component configurations
    No component configurations to merge
    Last step completed in 00:00:00.0156
-------------------------------
Building help topics...
[C:\Documents and Settings\psaastam\My Documents\Scallop\release\Documentation\Help\Working\BuildHelpTopics.bat]
BuildAssembler (v2.4.10111.0)
Copyright ¸ Microsoft 2006
Info: CopyFromFileComponent: Instantiating component.
Info: CopyFromFileComponent: Loading data file 'C:\Program Files\Sandcastle\Presentation\vs2005\Transforms\skeleton.xml'.
Info: CopyFromIndexComponent: Instantiating component.
Info: CopyFromIndexComponent: Searching for files that match '*.xml'.
Info: CopyFromIndexComponent: Searching for files that match 'reflection.xml'.
Info: CopyFromIndexComponent: Indexed 170215 elements in 107 files.
Info: CopyFromIndexComponent: Instantiating component.
Info: ForEachComponent: Instantiating component.
Info: ForEachComponent: Loading subcomponents.
Info: CopyFromIndexComponent: Instantiating component.
Info: ForEachComponent: Loaded 1 subcomponents.
Info: ForEachComponent: Instantiating component.
Info: ForEachComponent: Loading subcomponents.
Info: CopyFromIndexComponent: Instantiating component.
Info: ForEachComponent: Loaded 1 subcomponents.
Info: ForEachComponent: Instantiating component.
Info: ForEachComponent: Loading subcomponents.
Info: CopyFromIndexComponent: Instantiating component.
Info: ForEachComponent: Loaded 1 subcomponents.
Info: IfThenComponent: Instantiating component.
Info: SyntaxComponent: Instantiating component.
Info: SyntaxComponent: Loaded 3 syntax generators.
Info: CopyFromIndexComponent: Instantiating component.
Info: CopyFromIndexComponent: Searching for files that match '*.xml'.
Info: CopyFromIndexComponent: Searching for files that match 'C:\Documents and Settings\psaastam\My Documents\Scallop\release\Documentation\Help\Working\ScallopCore.xml'.
Info: CopyFromIndexComponent: Indexed 109 elements in 1 files.
Info: ForEachComponent: Instantiating component.
Info: ForEachComponent: Loading subcomponents.
Info: IfThenComponent: Instantiating component.
Info: CopyFromIndexComponent: Instantiating component.
Info: CopyFromIndexComponent: Instantiating component.
Info: ForEachComponent: Loaded 2 subcomponents.
Info: CopyFromIndexComponent: Instantiating component.
Info: ShowMissingComponent: Instantiating component.
Info: ShowMissingComponent: 
    [Sandcastle Help File Builder Components, version 1.6.0.4]
    Show Missing Documentation Component. Copyright ¸ 2006-2008, Eric Woodruff, All Rights Reserved
    http://www.codeplex.com/SHFB
Info: VersionInfoComponent: Instantiating component.
Info: VersionInfoComponent: 
    [Sandcastle Help File Builder Components, version 1.6.0.4]
    Version Information Component. Copyright ¸ 2006-2008, Eric Woodruff, All Rights Reserved
    http://www.codeplex.com/SHFB
Info: CodeBlockComponent: Instantiating component.
Info: CodeBlockComponent: 
    [Sandcastle Help File Builder Components, version 1.6.0.4]
    Code Block Component. Copyright ¸ 2006-2008, Eric Woodruff, All Rights Reserved.
    Portions copyright (c) 2003, Jonathan de Halleux, All rights reserved.
    http://www.codeplex.com/SHFB
Info: TransformComponent: Instantiating component.
Info: PostTransformComponent: Instantiating component.
Info: PostTransformComponent: 
    [Sandcastle Help File Builder Components, version 1.6.0.4]
    Post-Transform Component. Copyright ¸ 2006-2008, Eric Woodruff, All Rights Reserved
    http://www.codeplex.com/SHFB
Info: SharedContentComponent: Instantiating component.
Info: SharedContentComponent: Searching for files that match 'C:\Program Files\Sandcastle\Presentation\vs2005\content\shared_content.xml'.
Info: SharedContentComponent: Loading shared content file 'C:\Program Files\Sandcastle\Presentation\vs2005\content\shared_content.xml'.
Info: SharedContentComponent: Found 1 files in C:\Program Files\Sandcastle\Presentation\vs2005\content\shared_content.xml.
Info: SharedContentComponent: Searching for files that match 'C:\Program Files\Sandcastle\Presentation\vs2005\content\reference_content.xml'.
Info: SharedContentComponent: Loading shared content file 'C:\Program Files\Sandcastle\Presentation\vs2005\content\reference_content.xml'.
Info: SharedContentComponent: Found 1 files in C:\Program Files\Sandcastle\Presentation\vs2005\content\reference_content.xml.
Info: SharedContentComponent: Searching for files that match 'C:\Program Files\Sandcastle\Presentation\shared\content\syntax_content.xml'.
Info: SharedContentComponent: Loading shared content file 'C:\Program Files\Sandcastle\Presentation\shared\content\syntax_content.xml'.
Info: SharedContentComponent: Found 1 files in C:\Program Files\Sandcastle\Presentation\shared\content\syntax_content.xml.
Info: SharedContentComponent: Searching for files that match 'C:\Program Files\Sandcastle\Presentation\vs2005\content\feedback_content.xml'.
Info: SharedContentComponent: Loading shared content file 'C:\Program Files\Sandcastle\Presentation\vs2005\content\feedBack_content.xml'.
Info: SharedContentComponent: Found 1 files in C:\Program Files\Sandcastle\Presentation\vs2005\content\feedback_content.xml.
Info: SharedContentComponent: Searching for files that match 'SharedBuilderContent.xml'.
Info: SharedContentComponent: Loading shared content file 'C:\Documents and Settings\psaastam\My Documents\Scallop\release\Documentation\Help\Working\SharedBuilderContent.xml'.
Info: SharedContentComponent: Overriding shared content item 'roottopictitle' with value in file 'C:\Documents and Settings\psaastam\My Documents\Scallop\release\Documentation\Help\Working\SharedBuilderContent.xml'.
Info: SharedContentComponent: Overriding shared content item 'rootlink' with value in file 'C:\Documents and Settings\psaastam\My Documents\Scallop\release\Documentation\Help\Working\SharedBuilderContent.xml'.
Info: SharedContentComponent: Overriding shared content item 'runningheadertext' with value in file 'C:\Documents and Settings\psaastam\My Documents\Scallop\release\Documentation\Help\Working\SharedBuilderContent.xml'.
Info: SharedContentComponent: Overriding shared content item 'locationinformation' with value in file 'C:\Documents and Settings\psaastam\My Documents\Scallop\release\Documentation\Help\Working\SharedBuilderContent.xml'.
Info: SharedContentComponent: Overriding shared content item 'assemblynameandmodule' with value in file 'C:\Documents and Settings\psaastam\My Documents\Scallop\release\Documentation\Help\Working\SharedBuilderContent.xml'.
Info: SharedContentComponent: Overriding shared content item 'copycode' with value in file 'C:\Documents and Settings\psaastam\My Documents\Scallop\release\Documentation\Help\Working\SharedBuilderContent.xml'.
Info: SharedContentComponent: Overriding shared content item 'locale' with value in file 'C:\Documents and Settings\psaastam\My Documents\Scallop\release\Documentation\Help\Working\SharedBuilderContent.xml'.
Info: SharedContentComponent: Found 1 files in SharedBuilderContent.xml.
Info: SharedContentComponent: Searching for files that match 'PresentationStyleBuilderContent.xml'.
Info: SharedContentComponent: Loading shared content file 'C:\Documents and Settings\psaastam\My Documents\Scallop\release\Documentation\Help\Working\PresentationStyleBuilderContent.xml'.
Info: SharedContentComponent: Overriding shared content item 'header' with value in file 'C:\Documents and Settings\psaastam\My Documents\Scallop\release\Documentation\Help\Working\PresentationStyleBuilderContent.xml'.
Info: SharedContentComponent: Overriding shared content item 'footer' with value in file 'C:\Documents and Settings\psaastam\My Documents\Scallop\release\Documentation\Help\Working\PresentationStyleBuilderContent.xml'.
Info: SharedContentComponent: Overriding shared content item 'fb_alias' with value in file 'C:\Documents and Settings\psaastam\My Documents\Scallop\release\Documentation\Help\Working\PresentationStyleBuilderContent.xml'.
Info: SharedContentComponent: Overriding shared content item 'fb_product' with value in file 'C:\Documents and Settings\psaastam\My Documents\Scallop\release\Documentation\Help\Working\PresentationStyleBuilderContent.xml'.
Info: SharedContentComponent: Overriding shared content item 'fb_body' with value in file 'C:\Documents and Settings\psaastam\My Documents\Scallop\release\Documentation\Help\Working\PresentationStyleBuilderContent.xml'.
Info: SharedContentComponent: Overriding shared content item 'fb_send' with value in file 'C:\Documents and Settings\psaastam\My Documents\Scallop\release\Documentation\Help\Working\PresentationStyleBuilderContent.xml'.
Info: SharedContentComponent: Overriding shared content item 'fb_headerfeedback' with value in file 'C:\Documents and Settings\psaastam\My Documents\Scallop\release\Documentation\Help\Working\PresentationStyleBuilderContent.xml'.
Info: SharedContentComponent: Overriding shared content item 'feedback_alias' with value in file 'C:\Documents and Settings\psaastam\My Documents\Scallop\release\Documentation\Help\Working\PresentationStyleBuilderContent.xml'.
Info: SharedContentComponent: Overriding shared content item 'feedback_product' with value in file 'C:\Documents and Settings\psaastam\My Documents\Scallop\release\Documentation\Help\Working\PresentationStyleBuilderContent.xml'.
Info: SharedContentComponent: Overriding shared content item 'feedback_body' with value in file 'C:\Documents and Settings\psaastam\My Documents\Scallop\release\Documentation\Help\Working\PresentationStyleBuilderContent.xml'.
Info: SharedContentComponent: Found 1 files in PresentationStyleBuilderContent.xml.
Info: SharedContentComponent: Loaded 561 shared content items.
Info: ResolveReferenceLinksComponent2: Instantiating component.
Info: ResolveReferenceLinksComponent2: Creating MSDN URL resolver.
Info: ResolveReferenceLinksComponent2: Searching directory 'C:\Program Files\Sandcastle\Data\Reflection' for targets files of the form '*.xml'.
Info: ResolveReferenceLinksComponent2: Searching directory 'C:\Documents and Settings\psaastam\My Documents\Scallop\release\Documentation\Help\Working' for targets files of the form 'reflection.xml'.
Info: ResolveReferenceLinksComponent2: Loaded 170215 reference targets.
Info: SaveComponent: Instantiating component.
Info: BuildAssembler: Building topic N:ScallopCore
Info: BuildAssembler: Building topic T:ScallopCore.InterfaceFactory
Info: BuildAssembler: Building topic AllMembers.T:ScallopCore.InterfaceFactory
Info: BuildAssembler: Building topic Methods.T:ScallopCore.InterfaceFactory
Info: BuildAssembler: Building topic M:ScallopCore.InterfaceFactory.#ctor
Info: ShowMissingComponent: Auto-documenting constructor M:ScallopCore.InterfaceFactory.#ctor
Info: BuildAssembler: Building topic M:ScallopCore.InterfaceFactory.CreateNetworkInstance(System.String,System.String)
Warn: ShowMissingComponent: Missing <summary> documentation for M:ScallopCore.InterfaceFactory.CreateNetworkInstance(System.String,System.String)
Warn: ShowMissingComponent: Missing <returns> documentation for M:ScallopCore.InterfaceFactory.CreateNetworkInstance(System.String,System.String)
Info: BuildAssembler: Building topic M:ScallopCore.InterfaceFactory.CreateSensorInstance(System.String,System.String)
Warn: ShowMissingComponent: Missing <summary> documentation for M:ScallopCore.InterfaceFactory.CreateSensorInstance(System.String,System.String)
Warn: ShowMissingComponent: Missing <returns> documentation for M:ScallopCore.InterfaceFactory.CreateSensorInstance(System.String,System.String)
Info: BuildAssembler: Building topic T:ScallopCore.ScallopUtils
Info: BuildAssembler: Building topic AllMembers.T:ScallopCore.ScallopUtils
Info: BuildAssembler: Building topic Methods.T:ScallopCore.ScallopUtils
Info: BuildAssembler: Building topic M:ScallopCore.ScallopUtils.#ctor
Info: ShowMissingComponent: Auto-documenting constructor M:ScallopCore.ScallopUtils.#ctor
Info: BuildAssembler: Building topic M:ScallopCore.ScallopUtils.Base64Decode(System.String)
Info: BuildAssembler: Building topic M:ScallopCore.ScallopUtils.Base64Encode(System.Byte[])
Info: BuildAssembler: Building topic N:ScallopCore.Events
Info: BuildAssembler: Building topic T:ScallopCore.Events.ScallopInfoEventArgs
Info: BuildAssembler: Building topic AllMembers.T:ScallopCore.Events.ScallopInfoEventArgs
Info: BuildAssembler: Building topic Fields.T:ScallopCore.Events.ScallopInfoEventArgs
Info: BuildAssembler: Building topic M:ScallopCore.Events.ScallopInfoEventArgs.#ctor(System.String)
Info: BuildAssembler: Building topic F:ScallopCore.Events.ScallopInfoEventArgs.msg
Info: BuildAssembler: Building topic T:ScallopCore.Events.ScallopNetworkClosedHandler
Info: BuildAssembler: Building topic T:ScallopCore.Events.ScallopNetworkDataEventArgs
Info: BuildAssembler: Building topic AllMembers.T:ScallopCore.Events.ScallopNetworkDataEventArgs
Info: BuildAssembler: Building topic Fields.T:ScallopCore.Events.ScallopNetworkDataEventArgs
Info: BuildAssembler: Building topic M:ScallopCore.Events.ScallopNetworkDataEventArgs.#ctor(System.Object,System.String)
Info: BuildAssembler: Building topic F:ScallopCore.Events.ScallopNetworkDataEventArgs.data
Info: BuildAssembler: Building topic F:ScallopCore.Events.ScallopNetworkDataEventArgs.dataType
Info: BuildAssembler: Building topic F:ScallopCore.Events.ScallopNetworkDataEventArgs.msg
Info: BuildAssembler: Building topic T:ScallopCore.Events.ScallopNetworkDataHandler
Info: BuildAssembler: Building topic T:ScallopCore.Events.ScallopNetworkInfoHandler
Info: BuildAssembler: Building topic T:ScallopCore.Events.ScallopNetworkOpenedHandler
Info: BuildAssembler: Building topic T:ScallopCore.Events.ScallopNetworkStatusChangedEventArgs
Info: BuildAssembler: Building topic AllMembers.T:ScallopCore.Events.ScallopNetworkStatusChangedEventArgs
Info: BuildAssembler: Building topic Fields.T:ScallopCore.Events.ScallopNetworkStatusChangedEventArgs
Info: BuildAssembler: Building topic M:ScallopCore.Events.ScallopNetworkStatusChangedEventArgs.#ctor(ScallopCore.Network.ScallopNetworkState,System.Exception,System.String)
Warn: ShowMissingComponent: Missing <param name="toState"> documentation for M:ScallopCore.Events.ScallopNetworkStatusChangedEventArgs.#ctor(ScallopCore.Network.ScallopNetworkState,System.Exception,System.String)
Warn: ShowMissingComponent: Missing <param name="e"> documentation for M:ScallopCore.Events.ScallopNetworkStatusChangedEventArgs.#ctor(ScallopCore.Network.ScallopNetworkState,System.Exception,System.String)
Warn: ShowMissingComponent: Missing <param name="msg"> documentation for M:ScallopCore.Events.ScallopNetworkStatusChangedEventArgs.#ctor(ScallopCore.Network.ScallopNetworkState,System.Exception,System.String)
Info: BuildAssembler: Building topic F:ScallopCore.Events.ScallopNetworkStatusChangedEventArgs.CausingException
Info: BuildAssembler: Building topic F:ScallopCore.Events.ScallopNetworkStatusChangedEventArgs.msg
Info: BuildAssembler: Building topic F:ScallopCore.Events.ScallopNetworkStatusChangedEventArgs.NewState
Info: BuildAssembler: Building topic F:ScallopCore.Events.ScallopNetworkStatusChangedEventArgs.OldState
Info: BuildAssembler: Building topic T:ScallopCore.Events.ScallopNetworkStatusChangedHandler
Info: BuildAssembler: Building topic T:ScallopCore.Events.ScallopSensorClosedHandler
Info: BuildAssembler: Building topic T:ScallopCore.Events.ScallopSensorDataEventArgs
Info: BuildAssembler: Building topic AllMembers.T:ScallopCore.Events.ScallopSensorDataEventArgs
Info: BuildAssembler: Building topic Fields.T:ScallopCore.Events.ScallopSensorDataEventArgs
Info: BuildAssembler: Building topic M:ScallopCore.Events.ScallopSensorDataEventArgs.#ctor(System.Object,System.String)
Info: BuildAssembler: Building topic F:ScallopCore.Events.ScallopSensorDataEventArgs.data
Info: BuildAssembler: Building topic F:ScallopCore.Events.ScallopSensorDataEventArgs.dataType
Info: BuildAssembler: Building topic F:ScallopCore.Events.ScallopSensorDataEventArgs.msg
Info: BuildAssembler: Building topic T:ScallopCore.Events.ScallopSensorDataHandler
Info: BuildAssembler: Building topic T:ScallopCore.Events.ScallopSensorInfoHandler
Info: BuildAssembler: Building topic T:ScallopCore.Events.ScallopSensorOpenedHandler
Info: BuildAssembler: Building topic T:ScallopCore.Events.ScallopSensorStatusChangedEventArgs
Info: BuildAssembler: Building topic AllMembers.T:ScallopCore.Events.ScallopSensorStatusChangedEventArgs
Info: BuildAssembler: Building topic Fields.T:ScallopCore.Events.ScallopSensorStatusChangedEventArgs
Info: BuildAssembler: Building topic M:ScallopCore.Events.ScallopSensorStatusChangedEventArgs.#ctor(ScallopCore.Sensor.ScallopSensorState,ScallopCore.Sensor.ScallopSensorState,System.Exception,System.String)
Info: BuildAssembler: Building topic F:ScallopCore.Events.ScallopSensorStatusChangedEventArgs.CausingException
Info: BuildAssembler: Building topic F:ScallopCore.Events.ScallopSensorStatusChangedEventArgs.msg
Info: BuildAssembler: Building topic F:ScallopCore.Events.ScallopSensorStatusChangedEventArgs.NewState
Info: BuildAssembler: Building topic F:ScallopCore.Events.ScallopSensorStatusChangedEventArgs.OldState
Info: BuildAssembler: Building topic T:ScallopCore.Events.ScallopSensorStatusChangedHandler
Info: BuildAssembler: Building topic N:ScallopCore.Network
Info: BuildAssembler: Building topic T:ScallopCore.Network.IScallopNetwork
Info: BuildAssembler: Building topic AllMembers.T:ScallopCore.Network.IScallopNetwork
Info: BuildAssembler: Building topic Methods.T:ScallopCore.Network.IScallopNetwork
Info: BuildAssembler: Building topic Properties.T:ScallopCore.Network.IScallopNetwork
Info: BuildAssembler: Building topic Events.T:ScallopCore.Network.IScallopNetwork
Info: BuildAssembler: Building topic Overload:ScallopCore.Network.IScallopNetwork.SendMessage
Info: BuildAssembler: Building topic P:ScallopCore.Network.IScallopNetwork.ConfigSchema
Info: BuildAssembler: Building topic E:ScallopCore.Network.IScallopNetwork.Data
Info: BuildAssembler: Building topic P:ScallopCore.Network.IScallopNetwork.HopCountSum
Info: BuildAssembler: Building topic E:ScallopCore.Network.IScallopNetwork.Info
Info: BuildAssembler: Building topic M:ScallopCore.Network.IScallopNetwork.Join(System.Xml.XmlDocument,System.String)
Info: BuildAssembler: Building topic M:ScallopCore.Network.IScallopNetwork.Leave
Info: BuildAssembler: Building topic P:ScallopCore.Network.IScallopNetwork.MessageCountRX
Info: BuildAssembler: Building topic P:ScallopCore.Network.IScallopNetwork.MessageCountTX
Info: BuildAssembler: Building topic P:ScallopCore.Network.IScallopNetwork.MessageSizeRX
Info: BuildAssembler: Building topic P:ScallopCore.Network.IScallopNetwork.MessageSizeTX
Info: BuildAssembler: Building topic P:ScallopCore.Network.IScallopNetwork.Neighbors
Info: BuildAssembler: Building topic P:ScallopCore.Network.IScallopNetwork.NodeId
Info: BuildAssembler: Building topic M:ScallopCore.Network.IScallopNetwork.SendMessage(System.String)
Info: BuildAssembler: Building topic M:ScallopCore.Network.IScallopNetwork.SendMessage(System.String,System.Int32)
Info: BuildAssembler: Building topic M:ScallopCore.Network.IScallopNetwork.SendMessage(System.String,System.String)
Info: BuildAssembler: Building topic M:ScallopCore.Network.IScallopNetwork.SendMessage(System.String,System.String[])
Warn: ShowMissingComponent: Missing <param name="nodeids"> documentation for M:ScallopCore.Network.IScallopNetwork.SendMessage(System.String,System.String[])
Info: BuildAssembler: Building topic P:ScallopCore.Network.IScallopNetwork.State
Info: BuildAssembler: Building topic E:ScallopCore.Network.IScallopNetwork.StatusChanged
Info: BuildAssembler: Building topic P:ScallopCore.Network.IScallopNetwork.Version
Info: BuildAssembler: Building topic T:ScallopCore.Network.ScallopMessage
Warn: ShowMissingComponent: Missing <summary> documentation for T:ScallopCore.Network.ScallopMessage
Info: BuildAssembler: Building topic AllMembers.T:ScallopCore.Network.ScallopMessage
Info: BuildAssembler: Building topic Fields.T:ScallopCore.Network.ScallopMessage
Info: BuildAssembler: Building topic M:ScallopCore.Network.ScallopMessage.#ctor
Info: ShowMissingComponent: Auto-documenting constructor M:ScallopCore.Network.ScallopMessage.#ctor
Info: BuildAssembler: Building topic F:ScallopCore.Network.ScallopMessage.contents
Info: BuildAssembler: Building topic F:ScallopCore.Network.ScallopMessage.hopcount
Info: BuildAssembler: Building topic F:ScallopCore.Network.ScallopMessage.InternalMessage
Info: BuildAssembler: Building topic F:ScallopCore.Network.ScallopMessage.origHopcount
Info: BuildAssembler: Building topic F:ScallopCore.Network.ScallopMessage.receivers
Info: BuildAssembler: Building topic F:ScallopCore.Network.ScallopMessage.sender
Info: BuildAssembler: Building topic T:ScallopCore.Network.ScallopNetworkState
Info: BuildAssembler: Building topic N:ScallopCore.Sensor
Info: BuildAssembler: Building topic T:ScallopCore.Sensor.IScallopSensor
Info: BuildAssembler: Building topic AllMembers.T:ScallopCore.Sensor.IScallopSensor
Info: BuildAssembler: Building topic Methods.T:ScallopCore.Sensor.IScallopSensor
Info: BuildAssembler: Building topic Properties.T:ScallopCore.Sensor.IScallopSensor
Info: BuildAssembler: Building topic Events.T:ScallopCore.Sensor.IScallopSensor
Info: BuildAssembler: Building topic Overload:ScallopCore.Sensor.IScallopSensor.Register
Info: BuildAssembler: Building topic P:ScallopCore.Sensor.IScallopSensor.ConfigSchema
Warn: ShowMissingComponent: Missing <summary> documentation for P:ScallopCore.Sensor.IScallopSensor.ConfigSchema
Info: BuildAssembler: Building topic E:ScallopCore.Sensor.IScallopSensor.Data
Info: BuildAssembler: Building topic E:ScallopCore.Sensor.IScallopSensor.Info
Info: BuildAssembler: Building topic M:ScallopCore.Sensor.IScallopSensor.PanTilt(System.Boolean,System.Int32,System.Int32)
Warn: ShowMissingComponent: Missing <summary> documentation for M:ScallopCore.Sensor.IScallopSensor.PanTilt(System.Boolean,System.Int32,System.Int32)
Warn: ShowMissingComponent: Missing <param name="absolute"> documentation for M:ScallopCore.Sensor.IScallopSensor.PanTilt(System.Boolean,System.Int32,System.Int32)
Warn: ShowMissingComponent: Missing <param name="x"> documentation for M:ScallopCore.Sensor.IScallopSensor.PanTilt(System.Boolean,System.Int32,System.Int32)
Warn: ShowMissingComponent: Missing <param name="y"> documentation for M:ScallopCore.Sensor.IScallopSensor.PanTilt(System.Boolean,System.Int32,System.Int32)
Info: BuildAssembler: Building topic M:ScallopCore.Sensor.IScallopSensor.Register(System.Xml.Linq.XDocument,System.String)
Warn: ShowMissingComponent: Missing <summary> documentation for M:ScallopCore.Sensor.IScallopSensor.Register(System.Xml.Linq.XDocument,System.String)
Info: BuildAssembler: Building topic M:ScallopCore.Sensor.IScallopSensor.Register(System.Xml.XmlDocument,System.String)
Info: BuildAssembler: Building topic M:ScallopCore.Sensor.IScallopSensor.Start
Info: BuildAssembler: Building topic P:ScallopCore.Sensor.IScallopSensor.State
Info: BuildAssembler: Building topic E:ScallopCore.Sensor.IScallopSensor.StatusChanged
Info: BuildAssembler: Building topic M:ScallopCore.Sensor.IScallopSensor.Stop
Info: BuildAssembler: Building topic P:ScallopCore.Sensor.IScallopSensor.Version
Warn: ShowMissingComponent: Missing <summary> documentation for P:ScallopCore.Sensor.IScallopSensor.Version
Info: BuildAssembler: Building topic M:ScallopCore.Sensor.IScallopSensor.Zoom(System.Boolean,System.Int32)
Warn: ShowMissingComponent: Missing <summary> documentation for M:ScallopCore.Sensor.IScallopSensor.Zoom(System.Boolean,System.Int32)
Warn: ShowMissingComponent: Missing <param name="absolute"> documentation for M:ScallopCore.Sensor.IScallopSensor.Zoom(System.Boolean,System.Int32)
Warn: ShowMissingComponent: Missing <param name="zoomValue"> documentation for M:ScallopCore.Sensor.IScallopSensor.Zoom(System.Boolean,System.Int32)
Info: BuildAssembler: Building topic T:ScallopCore.Sensor.ScallopSensorState
Info: Processed 116 topics
    Last step completed in 00:00:54.1719
-------------------------------
Generating intermediate table of content file...
[C:\Documents and Settings\psaastam\My Documents\Scallop\release\Documentation\Help\Working\GenerateIntermediateTOC.bat]
XslTransform (v2.4.10111.0)
Copyright ¸ Microsoft 2005-2006
Info: Applying XSL transformation 'C:\Program Files\Sandcastle\ProductionTransforms\CreateVSToc.xsl'.
    Last step completed in 00:00:00.3750
-------------------------------
Generating HTML Help 1.x table of content file...
[C:\Documents and Settings\psaastam\My Documents\Scallop\release\Documentation\Help\Working\Generate1xTOC.bat]
XslTransform (v2.4.10111.0)
Copyright ¸ Microsoft 2005-2006
Info: Applying XSL transformation 'C:\Program Files\Sandcastle\ProductionTransforms\TocToChmContents.xsl'.
    Last step completed in 00:00:00.5313
Updating table of content with additional content items and determining default topic...
    Last step completed in 00:00:00.0000
-------------------------------
Generating HTML Help 1.x index file...
[C:\Documents and Settings\psaastam\My Documents\Scallop\release\Documentation\Help\Working\Generate1xIndex.bat]
XslTransform (v2.4.10111.0)
Copyright ¸ Microsoft 2005-2006
Info: Applying XSL transformation 'C:\Program Files\Sandcastle\ProductionTransforms\ReflectionToChmIndex.xsl'.
    Last step completed in 00:00:00.3281
-------------------------------
Generating HTML Help 1.x project file...
    Last step completed in 00:00:00.0000
-------------------------------
Compiling HTML Help 1.x file...
[C:\Documents and Settings\psaastam\My Documents\Scallop\release\Documentation\Help\Working\Build1xHelpFile.bat]
Microsoft HTML Help Compiler 4.74.8702



Compiling c:\Documents and Settings\psaastam\My Documents\Scallop\release\Documentation\Help\Working\Output\ScallopAPI.chm





Compile time: 0 minutes, 2 seconds

118	Topics

1,089	Local links

334	Internet links

0	Graphics





Created c:\Documents and Settings\psaastam\My Documents\Scallop\release\Documentation\Help\Working\Output\ScallopAPI.chm, 230,068 bytes

Compression decreased file by 1,292,380 bytes.

    Last step completed in 00:00:04.3125
Removing intermediate files...
    Last step completed in 00:00:00.0469


Build completed successfully.  Total time: 00:01:06,7188

